[    0.000000] Initializing cgroup subsys cpuset
[    0.000000] Initializing cgroup subsys cpu
[    0.000000] Initializing cgroup subsys cpuacct
[    0.000000] Linux version 4.4.0-78-generic (buildd@lgw01-11) (gcc version 5.4.0 20160609 (Ubuntu 5.4.0-6ubuntu1~16.04.4) ) #99-Ubuntu SMP Thu Apr 27 15:29:09 UTC 2017 (Ubuntu 4.4.0-78.99-generic 4.4.62)
[    0.000000] Command line: BOOT_IMAGE=/boot/vmlinuz-4.4.0-78-generic root=LABEL=cloudimg-rootfs ro console=tty1 console=ttyS0
[    0.000000] KERNEL supported cpus:
[    0.000000]   Intel GenuineIntel
[    0.000000]   AMD AuthenticAMD
[    0.000000]   Centaur CentaurHauls
[    0.000000] x86/fpu: xstate_offset[2]:  576, xstate_sizes[2]:  256
[    0.000000] x86/fpu: Supporting XSAVE feature 0x01: 'x87 floating point registers'
[    0.000000] x86/fpu: Supporting XSAVE feature 0x02: 'SSE registers'
[    0.000000] x86/fpu: Supporting XSAVE feature 0x04: 'AVX registers'
[    0.000000] x86/fpu: Enabled xstate features 0x7, context size is 832 bytes, using 'standard' format.
[    0.000000] x86/fpu: Using 'lazy' FPU context switches.
[    0.000000] e820: BIOS-provided physical RAM map:
[    0.000000] BIOS-e820: [mem 0x0000000000000000-0x000000000009fbff] usable
[    0.000000] BIOS-e820: [mem 0x000000000009fc00-0x000000000009ffff] reserved
[    0.000000] BIOS-e820: [mem 0x00000000000f0000-0x00000000000fffff] reserved
[    0.000000] BIOS-e820: [mem 0x0000000000100000-0x000000007ffeffff] usable
[    0.000000] BIOS-e820: [mem 0x000000007fff0000-0x000000007fffffff] ACPI data
[    0.000000] BIOS-e820: [mem 0x00000000fec00000-0x00000000fec00fff] reserved
[    0.000000] BIOS-e820: [mem 0x00000000fee00000-0x00000000fee00fff] reserved
[    0.000000] BIOS-e820: [mem 0x00000000fffc0000-0x00000000ffffffff] reserved
[    0.000000] NX (Execute Disable) protection: active
[    0.000000] SMBIOS 2.5 present.
[    0.000000] Hypervisor detected: KVM
[    0.000000] e820: last_pfn = 0x7fff0 max_arch_pfn = 0x400000000
[    0.000000] MTRR: Disabled
[    0.000000] x86/PAT: MTRRs disabled, skipping PAT initialization too.
[    0.000000] x86/PAT: Configuration [0-7]: WB  WT  UC- UC  WB  WT  UC- UC  
[    0.000000] CPU MTRRs all blank - virtualized system.
[    0.000000] found SMP MP-table at [mem 0x0009fff0-0x0009ffff] mapped at [ffff88000009fff0]
[    0.000000] Scanning 1 areas for low memory corruption
[    0.000000] RAMDISK: [mem 0x36ae6000-0x3756afff]
[    0.000000] ACPI: Early table checksum verification disabled
[    0.000000] ACPI: RSDP 0x00000000000E0000 000024 (v02 VBOX  )
[    0.000000] ACPI: XSDT 0x000000007FFF0030 00003C (v01 VBOX   VBOXXSDT 00000001 ASL  00000061)
[    0.000000] ACPI: FACP 0x000000007FFF00F0 0000F4 (v04 VBOX   VBOXFACP 00000001 ASL  00000061)
[    0.000000] ACPI: DSDT 0x000000007FFF0470 0021C8 (v02 VBOX   VBOXBIOS 00000002 INTL 20170224)
[    0.000000] ACPI: FACS 0x000000007FFF0200 000040
[    0.000000] ACPI: FACS 0x000000007FFF0200 000040
[    0.000000] ACPI: APIC 0x000000007FFF0240 00005C (v02 VBOX   VBOXAPIC 00000001 ASL  00000061)
[    0.000000] ACPI: SSDT 0x000000007FFF02A0 0001CC (v01 VBOX   VBOXCPUT 00000002 INTL 20170224)
[    0.000000] No NUMA configuration found
[    0.000000] Faking a node at [mem 0x0000000000000000-0x000000007ffeffff]
[    0.000000] NODE_DATA(0) allocated [mem 0x7ffeb000-0x7ffeffff]
[    0.000000] kvm-clock: Using msrs 4b564d01 and 4b564d00
[    0.000000] kvm-clock: cpu 0, msr 0:7ffe3001, primary cpu clock
[    0.000000] kvm-clock: using sched offset of 3063539504 cycles
[    0.000000] clocksource: kvm-clock: mask: 0xffffffffffffffff max_cycles: 0x1cd42e4dffb, max_idle_ns: 881590591483 ns
[    0.000000] Zone ranges:
[    0.000000]   DMA      [mem 0x0000000000001000-0x0000000000ffffff]
[    0.000000]   DMA32    [mem 0x0000000001000000-0x000000007ffeffff]
[    0.000000]   Normal   empty
[    0.000000]   Device   empty
[    0.000000] Movable zone start for each node
[    0.000000] Early memory node ranges
[    0.000000]   node   0: [mem 0x0000000000001000-0x000000000009efff]
[    0.000000]   node   0: [mem 0x0000000000100000-0x000000007ffeffff]
[    0.000000] Initmem setup node 0 [mem 0x0000000000001000-0x000000007ffeffff]
[    0.000000] ACPI: PM-Timer IO Port: 0x4008
[    0.000000] IOAPIC[0]: apic_id 2, version 32, address 0xfec00000, GSI 0-23
[    0.000000] ACPI: INT_SRC_OVR (bus 0 bus_irq 0 global_irq 2 dfl dfl)
[    0.000000] ACPI: INT_SRC_OVR (bus 0 bus_irq 9 global_irq 9 high level)
[    0.000000] Using ACPI (MADT) for SMP configuration information
[    0.000000] smpboot: Allowing 2 CPUs, 0 hotplug CPUs
[    0.000000] PM: Registered nosave memory: [mem 0x00000000-0x00000fff]
[    0.000000] PM: Registered nosave memory: [mem 0x0009f000-0x0009ffff]
[    0.000000] PM: Registered nosave memory: [mem 0x000a0000-0x000effff]
[    0.000000] PM: Registered nosave memory: [mem 0x000f0000-0x000fffff]
[    0.000000] e820: [mem 0x80000000-0xfebfffff] available for PCI devices
[    0.000000] Booting paravirtualized kernel on KVM
[    0.000000] clocksource: refined-jiffies: mask: 0xffffffff max_cycles: 0xffffffff, max_idle_ns: 7645519600211568 ns
[    0.000000] setup_percpu: NR_CPUS:512 nr_cpumask_bits:512 nr_cpu_ids:2 nr_node_ids:1
[    0.000000] PERCPU: Embedded 33 pages/cpu @ffff88007fc00000 s98264 r8192 d28712 u1048576
[    0.000000] PV qspinlock hash table entries: 256 (order: 0, 4096 bytes)
[    0.000000] Built 1 zonelists in Node order, mobility grouping on.  Total pages: 515961
[    0.000000] Policy zone: DMA32
[    0.000000] Kernel command line: BOOT_IMAGE=/boot/vmlinuz-4.4.0-78-generic root=LABEL=cloudimg-rootfs ro console=tty1 console=ttyS0
[    0.000000] PID hash table entries: 4096 (order: 3, 32768 bytes)
[    0.000000] Memory: 2034000K/2096696K available (8469K kernel code, 1294K rwdata, 3984K rodata, 1484K init, 1316K bss, 62696K reserved, 0K cma-reserved)
[    0.000000] SLUB: HWalign=64, Order=0-3, MinObjects=0, CPUs=2, Nodes=1
[    0.000000] Hierarchical RCU implementation.
[    0.000000] 	Build-time adjustment of leaf fanout to 64.
[    0.000000] 	RCU restricting CPUs from NR_CPUS=512 to nr_cpu_ids=2.
[    0.000000] RCU: Adjusting geometry for rcu_fanout_leaf=64, nr_cpu_ids=2
[    0.000000] NR_IRQS:33024 nr_irqs:440 16
[    0.000000] Console: colour VGA+ 80x25
[    0.000000] console [tty1] enabled
[    0.000000] console [ttyS0] enabled
[    0.000000] tsc: Detected 2593.990 MHz processor
[    0.485143] Calibrating delay loop (skipped) preset value.. 5187.98 BogoMIPS (lpj=10375960)
[    0.486267] pid_max: default: 32768 minimum: 301
[    0.486876] ACPI: Core revision 20150930
[    0.489266] ACPI: 2 ACPI AML tables successfully acquired and loaded
[    0.490135] Security Framework initialized
[    0.490688] Yama: becoming mindful.
[    0.491199] AppArmor: AppArmor initialized
[    0.492194] Dentry cache hash table entries: 262144 (order: 9, 2097152 bytes)
[    0.493350] Inode-cache hash table entries: 131072 (order: 8, 1048576 bytes)
[    0.494276] Mount-cache hash table entries: 4096 (order: 3, 32768 bytes)
[    0.495057] Mountpoint-cache hash table entries: 4096 (order: 3, 32768 bytes)
[    0.496365] Initializing cgroup subsys io
[    0.496964] Initializing cgroup subsys memory
[    0.497546] Initializing cgroup subsys devices
[    0.498131] Initializing cgroup subsys freezer
[    0.498715] Initializing cgroup subsys net_cls
[    0.499298] Initializing cgroup subsys perf_event
[    0.499908] Initializing cgroup subsys net_prio
[    0.500501] Initializing cgroup subsys hugetlb
[    0.501100] Initializing cgroup subsys pids
[    0.501724] CPU: Physical Processor ID: 0
[    0.502270] CPU: Processor Core ID: 0
[    0.503550] mce: CPU supports 0 MCE banks
[    0.504165] Last level iTLB entries: 4KB 1024, 2MB 1024, 4MB 1024
[    0.504933] Last level dTLB entries: 4KB 1024, 2MB 1024, 4MB 1024, 1GB 4
[    0.507151] Freeing SMP alternatives memory: 32K (ffffffff820b8000 - ffffffff820c0000)
[    0.514419] ftrace: allocating 32120 entries in 126 pages
[    0.546756] smpboot: APIC(0) Converting physical 0 to logical package 0
[    0.548592] smpboot: Max logical packages: 1
[    0.554643] x2apic enabled
[    0.555260] Switched APIC routing to physical x2apic.
[    0.556818] ..TIMER: vector=0x30 apic1=0 pin1=2 apic2=-1 pin2=-1
[    0.664548] smpboot: CPU0: Intel(R) Core(TM) i7-4720HQ CPU @ 2.60GHz (family: 0x6, model: 0x3c, stepping: 0x3)
[    0.670640] Performance Events: unsupported p6 CPU model 60 no PMU driver, software events only.
[    0.671864] KVM setup paravirtual spinlock
[    0.672989] x86: Booting SMP configuration:
[    0.673559] .... node  #0, CPUs:      #1
[    0.674164] kvm-clock: cpu 1, msr 0:7ffe3041, secondary cpu clock
[    0.675440] mce: CPU supports 0 MCE banks
[    0.677753] x86: Booted up 1 node, 2 CPUs
[    0.678460] smpboot: Total of 2 processors activated (10375.96 BogoMIPS)
[    0.679517] devtmpfs: initialized
[    0.681200] evm: security.selinux
[    0.681691] evm: security.SMACK64
[    0.682181] evm: security.SMACK64EXEC
[    0.682694] evm: security.SMACK64TRANSMUTE
[    0.683252] evm: security.SMACK64MMAP
[    0.683767] evm: security.ima
[    0.684220] evm: security.capability
[    0.684875] clocksource: jiffies: mask: 0xffffffff max_cycles: 0xffffffff, max_idle_ns: 7645041785100000 ns
[    0.686080] futex hash table entries: 512 (order: 3, 32768 bytes)
[    0.686921] pinctrl core: initialized pinctrl subsystem
[    0.687660] RTC time:  5:23:56, date: 05/31/17
[    0.688372] NET: Registered protocol family 16
[    0.700211] cpuidle: using governor ladder
[    0.712522] cpuidle: using governor menu
[    0.713247] PCCT header not found.
[    0.713866] ACPI: bus type PCI registered
[    0.714412] acpiphp: ACPI Hot Plug PCI Controller Driver version: 0.5
[    0.715236] PCI: Using configuration type 1 for base access
[    0.728756] ACPI: Added _OSI(Module Device)
[    0.729498] ACPI: Added _OSI(Processor Device)
[    0.730163] ACPI: Added _OSI(3.0 _SCP Extensions)
[    0.730800] ACPI: Added _OSI(Processor Aggregator Device)
[    0.732054] ACPI: Executed 1 blocks of module-level executable AML code
[    0.734909] ACPI: Interpreter enabled
[    0.735472] ACPI: (supports S0 S5)
[    0.735995] ACPI: Using IOAPIC for interrupt routing
[    0.736808] PCI: Using host bridge windows from ACPI; if necessary, use "pci=nocrs" and report a bug
[    0.740746] ACPI: PCI Root Bridge [PCI0] (domain 0000 [bus 00-ff])
[    0.741536] acpi PNP0A03:00: _OSC: OS supports [ASPM ClockPM Segments MSI]
[    0.742379] acpi PNP0A03:00: _OSC failed (AE_NOT_FOUND); disabling ASPM
[    0.743211] acpi PNP0A03:00: fail to add MMCONFIG information, can't access extended PCI configuration space under this bridge.
[    0.744840] PCI host bridge to bus 0000:00
[    0.745431] pci_bus 0000:00: root bus resource [io  0x0000-0x0cf7 window]
[    0.746264] pci_bus 0000:00: root bus resource [io  0x0d00-0xffff window]
[    0.747087] pci_bus 0000:00: root bus resource [mem 0x000a0000-0x000bffff window]
[    0.748084] pci_bus 0000:00: root bus resource [mem 0x80000000-0xffdfffff window]
[    0.749097] pci_bus 0000:00: root bus resource [bus 00-ff]
[    0.750784] pci 0000:00:01.1: legacy IDE quirk: reg 0x10: [io  0x01f0-0x01f7]
[    0.751599] pci 0000:00:01.1: legacy IDE quirk: reg 0x14: [io  0x03f6]
[    0.752365] pci 0000:00:01.1: legacy IDE quirk: reg 0x18: [io  0x0170-0x0177]
[    0.753183] pci 0000:00:01.1: legacy IDE quirk: reg 0x1c: [io  0x0376]
[    0.783367] pci 0000:00:07.0: quirk: [io  0x4000-0x403f] claimed by PIIX4 ACPI
[    0.998297] pci 0000:00:07.0: quirk: [io  0x4100-0x410f] claimed by PIIX4 SMB
[    1.213188] ACPI: PCI Interrupt Link [LNKA] (IRQs 5 9 10 *11)
[    1.230296] ACPI: PCI Interrupt Link [LNKB] (IRQs 5 9 10 *11)
[    1.233125] ACPI: PCI Interrupt Link [LNKC] (IRQs 5 9 *10 11)
[    1.329827] ACPI: PCI Interrupt Link [LNKD] (IRQs 5 *9 10 11)
[    1.366584] ACPI: Enabled 2 GPEs in block 00 to 07
[    1.367519] vgaarb: setting as boot device: PCI:0000:00:02.0
[    1.396845] vgaarb: device added: PCI:0000:00:02.0,decodes=io+mem,owns=io+mem,locks=none
[    1.397909] vgaarb: loaded
[    1.398341] vgaarb: bridge control possible 0000:00:02.0
[    1.438461] SCSI subsystem initialized
[    1.453907] ACPI: bus type USB registered
[    1.454477] usbcore: registered new interface driver usbfs
[    1.455151] usbcore: registered new interface driver hub
[    1.455816] usbcore: registered new device driver usb
[    1.456655] PCI: Using ACPI for IRQ routing
[    1.512325] NetLabel: Initializing
[    1.541305] NetLabel:  domain hash size = 128
[    1.541878] NetLabel:  protocols = UNLABELED CIPSOv4
[    1.542512] NetLabel:  unlabeled traffic allowed by default
[    1.543298] amd_nb: Cannot enumerate AMD northbridges
[    1.553448] clocksource: Switched to clocksource kvm-clock
[    1.562480] AppArmor: AppArmor Filesystem Enabled
[    1.620993] pnp: PnP ACPI init
[    1.621981] pnp: PnP ACPI: found 3 devices
[    1.629943] clocksource: acpi_pm: mask: 0xffffff max_cycles: 0xffffff, max_idle_ns: 2085701024 ns
[    1.679017] NET: Registered protocol family 2
[    1.679721] TCP established hash table entries: 16384 (order: 5, 131072 bytes)
[    1.682365] TCP bind hash table entries: 16384 (order: 6, 262144 bytes)
[    1.683164] TCP: Hash tables configured (established 16384 bind 16384)
[    1.683919] UDP hash table entries: 1024 (order: 3, 32768 bytes)
[    1.684620] UDP-Lite hash table entries: 1024 (order: 3, 32768 bytes)
[    1.685378] NET: Registered protocol family 1
[    1.685958] pci 0000:00:00.0: Limiting direct PCI/PCI transfers
[    1.686660] pci 0000:00:01.0: Activating ISA DMA hang workarounds
[    1.687452] Unpacking initramfs...
[    3.107617] Freeing initrd memory: 10772K (ffff880036ae6000 - ffff88003756b000)
[    3.136141] RAPL PMU detected, API unit is 2^-32 Joules, 4 fixed counters 10737418240 ms ovfl timer
[    3.137264] hw unit of domain pp0-core 2^-0 Joules
[    3.137897] hw unit of domain package 2^-0 Joules
[    3.138482] hw unit of domain dram 2^-0 Joules
[    3.139042] hw unit of domain pp1-gpu 2^-0 Joules
[    3.139691] platform rtc_cmos: registered platform RTC device (no PNP device found)
[    3.140713] Scanning for low memory corruption every 60 seconds
[    3.142054] audit: initializing netlink subsys (disabled)
[    3.142719] audit: type=2000 audit(1496208242.282:1): initialized
[    3.143644] Initialise system trusted keyring
[    3.144425] HugeTLB registered 2 MB page size, pre-allocated 0 pages
[    3.146301] zbud: loaded
[    3.146997] VFS: Disk quotas dquot_6.6.0
[    3.147552] VFS: Dquot-cache hash table entries: 512 (order 0, 4096 bytes)
[    3.148513] squashfs: version 4.0 (2009/01/31) Phillip Lougher
[    3.149497] fuse init (API version 7.23)
[    3.150215] Key type big_key registered
[    3.150744] Allocating IMA MOK and blacklist keyrings.
[    3.152204] Key type asymmetric registered
[    3.152762] Asymmetric key parser 'x509' registered
[    3.153415] Block layer SCSI generic (bsg) driver version 0.4 loaded (major 249)
[    3.154471] io scheduler noop registered
[    3.155012] io scheduler deadline registered (default)
[    3.155674] io scheduler cfq registered
[    3.156281] pci_hotplug: PCI Hot Plug PCI Core version: 0.5
[    3.156951] pciehp: PCI Express Hot Plug Controller Driver version: 0.4
[    3.157827] ACPI: AC Adapter [AC] (on-line)
[    3.158413] input: Power Button as /devices/LNXSYSTM:00/LNXPWRBN:00/input/input0
[    3.159376] ACPI: Power Button [PWRF]
[    3.159921] input: Sleep Button as /devices/LNXSYSTM:00/LNXSLPBN:00/input/input1
[    3.160905] ACPI: Sleep Button [SLPF]
[    3.161606] GHES: HEST is not enabled!
[    3.162066] ACPI: Battery Slot [BAT0] (battery present)
[    3.162897] Serial: 8250/16550 driver, 32 ports, IRQ sharing enabled
[    3.184800] 00:02: ttyS0 at I/O 0x3f8 (irq = 4, base_baud = 115200) is a 16550A
[    3.187714] Linux agpgart interface v0.103
[    3.189580] loop: module loaded
[    3.190461] scsi host0: ata_piix
[    3.191055] scsi host1: ata_piix
[    3.191560] ata1: PATA max UDMA/33 cmd 0x1f0 ctl 0x3f6 bmdma 0xd000 irq 14
[    3.192325] ata2: PATA max UDMA/33 cmd 0x170 ctl 0x376 bmdma 0xd008 irq 15
[    3.194238] libphy: Fixed MDIO Bus: probed
[    3.194810] tun: Universal TUN/TAP device driver, 1.6
[    3.195422] tun: (C) 1999-2004 Max Krasnyansky <maxk@qualcomm.com>
[    3.196208] PPP generic driver version 2.4.2
[    3.196898] ehci_hcd: USB 2.0 'Enhanced' Host Controller (EHCI) Driver
[    3.197669] ehci-pci: EHCI PCI platform driver
[    3.198245] ehci-platform: EHCI generic platform driver
[    3.198879] ohci_hcd: USB 1.1 'Open' Host Controller (OHCI) Driver
[    3.199588] ohci-pci: OHCI PCI platform driver
[    3.200181] ohci-platform: OHCI generic platform driver
[    3.200819] uhci_hcd: USB Universal Host Controller Interface driver
[    3.201639] i8042: PNP: PS/2 Controller [PNP0303:PS2K,PNP0f03:PS2M] at 0x60,0x64 irq 1,12
[    3.203027] serio: i8042 KBD port at 0x60,0x64 irq 1
[    3.203646] serio: i8042 AUX port at 0x60,0x64 irq 12
[    3.204470] mousedev: PS/2 mouse device common for all mice
[    3.205436] input: AT Translated Set 2 keyboard as /devices/platform/i8042/serio0/input/input2
[    3.206922] rtc_cmos rtc_cmos: rtc core: registered rtc_cmos as rtc0
[    3.207697] rtc_cmos rtc_cmos: alarms up to one day, 114 bytes nvram
[    3.208425] i2c /dev entries driver
[    3.208948] device-mapper: uevent: version 1.0.3
[    3.209640] device-mapper: ioctl: 4.34.0-ioctl (2015-10-28) initialised: dm-devel@redhat.com
[    3.210730] ledtrig-cpu: registered to indicate activity on CPUs
[    3.211912] NET: Registered protocol family 10
[    3.212630] NET: Registered protocol family 17
[    3.213231] Key type dns_resolver registered
[    3.213962] microcode: CPU0 sig=0x306c3, pf=0x40, revision=0x0
[    3.214684] microcode: CPU1 sig=0x306c3, pf=0x40, revision=0x0
[    3.215462] microcode: Microcode Update Driver: v2.01 <tigran@aivazian.fsnet.co.uk>, Peter Oruba
[    3.216917] registered taskstats version 1
[    3.217485] Loading compiled-in X.509 certificates
[    3.218612] Loaded X.509 cert 'Build time autogenerated kernel key: 779fd75203f0d36b99b83c7328fac831ec7adf9e'
[    3.219797] zswap: loaded using pool lzo/zbud
[    3.221925] Key type trusted registered
[    3.225080] Key type encrypted registered
[    3.225642] AppArmor: AppArmor sha1 policy hashing enabled
[    3.226313] ima: No TPM chip found, activating TPM-bypass!
[    3.227018] evm: HMAC attrs: 0x1
[    3.227737]   Magic number: 1:674:366
[    3.228316] rtc_cmos rtc_cmos: setting system clock to 2017-05-31 05:23:59 UTC (1496208239)
[    3.229496] BIOS EDD facility v0.16 2004-Jun-25, 0 devices found
[    3.230202] EDD information not available.
[    3.350754] Freeing unused kernel memory: 1484K (ffffffff81f45000 - ffffffff820b8000)
[    3.457969] Write protecting the kernel read-only data: 14336k
[    3.459077] Freeing unused kernel memory: 1760K (ffff880001848000 - ffff880001a00000)
[    3.460352] Freeing unused kernel memory: 112K (ffff880001de4000 - ffff880001e00000)
Loading, please wait...
starting version[    3.472320] random: systemd-udevd: uninitialized urandom read (16 bytes read, 2 bits of entropy available)
 229
[    3.472790] random: udevadm: uninitialized urandom read (16 bytes read, 2 bits of entropy available)
[    3.472818] random: udevadm: uninitialized urandom read (16 bytes read, 2 bits of entropy available)
[    3.472909] random: udevadm: uninitialized urandom read (16 bytes read, 2 bits of entropy available)
[    3.472941] random: udevadm: uninitialized urandom read (16 bytes read, 2 bits of entropy available)
[    3.472973] random: udevadm: uninitialized urandom read (16 bytes read, 2 bits of entropy available)
[    3.473007] random: udevadm: uninitialized urandom read (16 bytes read, 2 bits of entropy available)
[    3.473038] random: udevadm: uninitialized urandom read (16 bytes read, 2 bits of entropy available)
[    3.473067] random: udevadm: uninitialized urandom read (16 bytes read, 2 bits of entropy available)
[    3.473097] random: udevadm: uninitialized urandom read (16 bytes read, 2 bits of entropy available)
[    3.498736] e1000: Intel(R) PRO/1000 Network Driver - version 7.3.21-k8-NAPI
[    3.514363] e1000: Copyright (c) 1999-2006 Intel Corporation.
[    3.522187] Fusion MPT base driver 3.04.20
[    3.526053] Copyright (c) 1999-2008 LSI Corporation
[    3.540402] AVX version of gcm_enc/dec engaged.
[    3.541895] Fusion MPT SPI Host driver 3.04.20
[    3.542925] AES CTR mode by8 optimization enabled
[    3.722842] input: ImExPS/2 Generic Explorer Mouse as /devices/platform/i8042/serio1/input/input4
[    3.864453] e1000 0000:00:03.0 eth0: (PCI:33MHz:32-bit) 02:a1:c7:cf:6b:93
[    3.867023] e1000 0000:00:03.0 eth0: Intel(R) PRO/1000 Network Connection
[    3.868800] e1000 0000:00:03.0 enp0s3: renamed from eth0
[    3.869693] mptbase: ioc0: Initiating bringup
[    3.933722] ioc0: LSI53C1030 A0: Capabilities={Initiator}
[    4.094808] scsi host2: ioc0: LSI53C1030 A0, FwRev=00000000h, Ports=1, MaxQ=256, IRQ=20
[    4.138768] tsc: Refined TSC clocksource calibration: 2594.957 MHz
[    4.140207] clocksource: tsc: mask: 0xffffffffffffffff max_cycles: 0x2567a023d45, max_idle_ns: 440795307026 ns
[    4.213831] scsi 2:0:0:0: Direct-Access     VBOX     HARDDISK         1.0  PQ: 0 ANSI: 5
[    4.225635] scsi target2:0:0: Beginning Domain Validation
[    4.226876] scsi target2:0:0: Domain Validation skipping write tests
[    4.227624] scsi target2:0:0: Ending Domain Validation
[    4.228294] scsi target2:0:0: asynchronous
[    4.229106] scsi 2:0:1:0: Direct-Access     VBOX     HARDDISK         1.0  PQ: 0 ANSI: 5
[    4.230189] scsi target2:0:1: Beginning Domain Validation
[    4.231379] scsi target2:0:1: Domain Validation skipping write tests
[    4.232128] scsi target2:0:1: Ending Domain Validation
[    4.232798] scsi target2:0:1: asynchronous
[    4.236588] sd 2:0:0:0: [sda] 20971520 512-byte logical blocks: (10.7 GB/10.0 GiB)
[    4.236709] sd 2:0:0:0: Attached scsi generic sg0 type 0
[    4.237006] sd 2:0:1:0: Attached scsi generic sg1 type 0
[    4.237170] sd 2:0:1:0: [sdb] 20480 512-byte logical blocks: (10.5 MB/10.0 MiB)
[    4.237292] sd 2:0:1:0: [sdb] Write Protect is off
[    4.237371] sd 2:0:1:0: [sdb] Incomplete mode parameter data
[    4.237372] sd 2:0:1:0: [sdb] Assuming drive cache: write through
[    4.242317] sd 2:0:0:0: [sda] Write Protect is off
[    4.243060] sd 2:0:0:0: [sda] Incomplete mode parameter data
[    4.243769] sd 2:0:0:0: [sda] Assuming drive cache: write through
[    4.264507]  sda: sda1
[    4.265652] sd 2:0:0:0: [sda] Attached SCSI disk
[    4.273162] sd 2:0:1:0: [sdb] Attached SCSI disk
[    6.553802] floppy0: no floppy controllers found
Begin: Loading e[    8.305919] md: linear personality registered for level -1
ssential drivers ... [    8.463503] md: multipath personality registered for level -4
[    8.465844] md: raid0 personality registered for level 0
[    8.468359] md: raid1 personality registered for level 1
[    8.540906] raid6: sse2x1   gen() 11395 MB/s
[    8.698144] raid6: sse2x1   xor()  8674 MB/s
[    8.810942] raid6: sse2x2   gen() 15250 MB/s
[    8.960907] raid6: sse2x2   xor()  9434 MB/s
[    9.031153] raid6: sse2x4   gen() 15803 MB/s
[    9.305656] raid6: sse2x4   xor() 11394 MB/s
[    9.451199] raid6: using algorithm sse2x4 gen() 15803 MB/s
[    9.491467] raid6: .... xor() 11394 MB/s, rmw enabled
[    9.492102] raid6: using ssse3x2 recovery algorithm
[    9.493981] xor: automatically using best checksumming function:
[    9.533488]    avx       : 21593.000 MB/sec
[    9.647066] async_tx: api initialized (async)
[    9.846524] md: raid6 personality registered for level 6
[    9.849337] md: raid5 personality registered for level 5
[    9.850027] md: raid4 personality registered for level 4
[    9.854501] md: raid10 personality registered for level 10
done.
Begin: Running /scripts/init-premount ... done.
Begin: Mounting root file system ... Begin: Running /scripts/local-top ... done.
Begin: Running /scripts/local-premount ... [    9.880595] Btrfs loaded
Scanning for Btrfs filesystems
done.
Warning: fsck not present, so skipping root file system
[    9.934750] EXT4-fs (sda1): mounted filesystem with ordered data mode. Opts: (null)
done.
Begin: Running /scripts/local-bottom ... done.
Begin: Running /scripts/init-bottom ... done.
[   10.386939] systemd[1]: systemd 229 running in system mode. (+PAM +AUDIT +SELINUX +IMA +APPARMOR +SMACK +SYSVINIT +UTMP +LIBCRYPTSETUP +GCRYPT +GNUTLS +ACL +XZ -LZ4 +SECCOMP +BLKID +ELFUTILS +KMOD -IDN)
[   10.452146] systemd[1]: Detected virtualization oracle.
[   10.459090] systemd[1]: Detected architecture x86-64.

Welcome to [1mUbuntu 16.04.2 LTS[0m!

[   10.476343] systemd[1]: Set hostname to <ubuntu>.
[   10.506673] systemd[1]: Initializing machine ID from random generator.
[   10.511714] systemd[1]: Installed transient /etc/machine-id file.
[   10.998357] systemd[1]: Listening on Syslog Socket.
[[0;32m  OK  [0m] Listening on Syslog Socket.
[   11.012261] systemd[1]: Listening on Journal Socket (/dev/log).
[[0;32m  OK  [0m] Listening on Journal Socket (/dev/log).
[   11.013818] systemd[1]: Listening on LVM2 poll daemon socket.
[[0;32m  OK  [0m] Listening on LVM2 poll daemon socket.[   11.015132] random: nonblocking pool is initialized

[   11.015935] systemd[1]: Reached target User and Group Name Lookups.
[[0;32m  OK  [0m] Reached target User and Group Name Lookups.
[   11.017719] systemd[1]: Created slice System Slice.
[[0;32m  OK  [0m] Created slice System Slice.
[   11.019243] systemd[1]: Created slice system-serial\x2dgetty.slice.
[[0;32m  OK  [0m] Created slice system-serial\x2dgetty.slice.
[   11.020898] systemd[1]: Set up automount Arbitrary Executable File Formats File System Automount Point.
[[0;32m  OK  [0m] Set up automount Arbitrary Executab...ats File System Automount Point.
[   11.023077] systemd[1]: Listening on Journal Socket.
[[0;32m  OK  [0m] Listening on Journal Socket.
[   11.033687] systemd[1]: Starting Set console keymap...
         Starting Set console keymap...
[   11.193623] systemd[1]: Starting Create list of required static device nodes for the current kernel...
         Starting Create list of required st... nodes for the current kernel...
[   11.332904] systemd[1]: Starting Remount Root and Kernel File Systems...
         Starting Remount Root and Kernel File Systems...
[   11.334862] systemd[1]: Starting Uncomplicated firewall...
         Starting Uncomplicated firewall...
[   11.336256] systemd[1]: Started Forward Password Requests to Wall Directory Watch.
[[0;32m  OK  [0m] Started Forward Password Requests to Wall Directory Watch.
[   11.371414] EXT4-fs (sda1): re-mounted. Opts: (null)
[   11.393658] systemd[1]: Starting Load Kernel Modules...
         Starting Load Kernel Modules...
[   11.418482] systemd[1]: Listening on /dev/initctl Compatibility Named Pipe.
[[0;32m  OK  [0m] Listening on /dev/initctl Compatibility Named Pipe.
[   11.422033] systemd[1]: Mounting Debug File System...
         Mounting Debug File System...
[   11.424732] systemd[1]: Reached target Encrypted Volumes.
[[0;32m  OK  [0m] Reached target Encrypted Volumes.
[   11.426530] systemd[1]: Starting Nameserver information manager...
         Starting Nameserver information manager...
[   11.457542] systemd[1]: Started Trigger resolvconf update for networkd DNS.
[[0;32m  OK  [0m] Started Trigger resolvconf update for networkd DNS.
[   11.459218] systemd[1]: Listening on LVM2 metadata daemon socket.
[[0;32m  OK  [0m] Listening on LVM2 metadata daemon socket.
[   11.461223] systemd[1]: Mounting POSIX Message Queue File System...
         Mounting POSIX Message Queue File System...
[   11.462830] systemd[1]: Created slice User and Session Slice.
[[0;32m  OK  [0m] Created slice User and Session Slice.
[   11.464293] systemd[1]: Reached target Slices.
[[0;32m  OK  [0m] Reached target Slices.
[   11.465596] systemd[1]: Listening on udev Control Socket.
[[0;32m  OK  [0m] Listening on udev Control Socket.
[   11.467823] systemd[1]: Mounting Huge Pages File System...
         Mounting Huge Pages File System...
[   11.469194] systemd[1]: Listening on Journal Audit Socket.
[[0;32m  OK  [0m] Listening on Journal Audit Socket.
[   11.472484] systemd[1]: Starting Journal Service...
         Starting Journal Service...
[   11.473757] systemd[1]: Reached target Swap.
[[0;32m  OK  [0m] Reached target Swap.
[   11.475031] systemd[1]: Listening on Device-mapper event daemon FIFOs.
[[0;32m  OK  [0m] Listening on Device-mapper event daemon FIFOs.
[   11.476989] systemd[1]: Starting Monitoring of LVM2 mirrors, snapshots etc. using dmeventd or progress polling...
         Starting Monitoring of LVM2 mirrors... dmeventd or progress polling...
[   11.481329] Loading iSCSI transport class v2.0-870.
[   11.501080] systemd[1]: Listening on udev Kernel Socket.
[[0;32m  OK  [0m] Listening on udev Kernel Socket.
[   11.518285] systemd[1]: Mounted POSIX Message Queue File System.
[[0;32m  OK  [0m] Mounted POSIX Message Queue File System.
[   11.520017] systemd[1]: Mounted Huge Pages File System.
[[0;32m  OK  [0m] Mounted Huge Pages File System.
[   11.521394] systemd[1]: Mounted Debug File System.
[[0;32m  OK  [0m] Mounted Debug File System.
[   11.523075] systemd[1]: Started Set console keymap.
[[0;32m  OK  [0m] Started Set console keymap.
[   11.527222] systemd[1]: Started Create list of required static device nodes for the current kernel.
[[0;32m  OK  [0m] Started Create list of required sta...ce nodes for the current kernel.
[   11.529621] systemd[1]: Started Remount Root and Kernel File Systems.
[[0;32m  OK  [0m] Started Remount Root and Kernel File Systems.
[   11.531483] systemd[1]: Started Uncomplicated firewall.
[[0;32m  OK  [0m] Started Uncomplicated firewall.
[   11.538810] iscsi: registered transport (tcp)
[   11.569700] systemd[1]: Starting udev Coldplug all Devices...
         Starting udev Coldplug all Devices...
[   11.572726] systemd[1]: Starting Initial cloud-init job (pre-networking)...
         Starting Initial cloud-init job (pre-networking)...
[   11.574720] systemd[1]: Starting Load/Save Random Seed...
         Starting Load/Save Random Seed...
[   11.576462] systemd[1]: Starting Create Static Device Nodes in /dev...
         Starting Create Static Device Nodes in /dev...
[   11.578311] systemd[1]: Started Nameserver information manager.
[[0;32m  OK  [0m] Started Nameserver information manager.
[   11.598199  yyttmm[[]]  Strrted Load/Save Random Seed.
[[0;32m  OK  [0m] Started Load/Save Random Seed.
[   11.884557] systemd[1]: Started udev Coldplug all Devices.
[[0;32m  OK  [0m] Started udev Coldplug all Devices.
[   12.068203] systemd[1]: Started Journal Service.
[   12.207372] iscsi: registered transport (iser)
[[0;32m  OK  [0m] Started Journal Service.
         Starting Flush Journal to Persistent Storage...
[[0;32m  OK  [0m] Started Load Kernel Modules.
[[0;32m  OK  [0m] Started LVM2 metadata daemon.
         Starting Apply Kernel Variables...
         Mounting FUSE Control File System...
[[0;32m  OK  [0m] Mounted FUSE Control File System.
[   12.351338] systemd-journald[400]: Received request to flush runtime journal from PID 1
[[0;32m  OK  [0m] Started Flush Journal to Persistent Storage.
[[0;32m  OK  [0m] Started Apply Kernel Variables.
[[0;32m  OK  [0m] Started Create Static Device Nodes in /dev.
         Starting udev Kernel Device Manager...
[[0;32m  OK  [0m] Started udev Kernel Device Manager.
[[0;32m  OK  [0m] Started Dispatch Password Requests to Console Directory Watch.
[[0;32m  OK  [0m] Started Monitoring of LVM2 mirrors,...ng dmeventd or progress polling.
[[0;32m  OK  [0m] Reached target Local File Systems (Pre).
[[0;32m  OK  [0m] Reached target Local File Systems.
         Starting Commit a transient machine-id on disk...
         Starting LSB: AppArmor initialization...
         Starting Set console font and keymap...
         Starting Create Volatile Files and Directories...
         Starting Tell Plymouth To Write Out Runtime Data...
[[0;32m  OK  [0m] Started Commit a transient machine-id on disk.
[[0;32m  OK  [0m] Found device /dev/ttyS0.
[[0;32m  OK  [0m] Started Create Volatile Files and Directories.
[[0;32m  OK  [0m] Started Tell Plymouth To Write Out Runtime Data.
[[0;32m  OK  [0m] Reached target System Time Synchronized.
         Starting Update UTMP about System Boot/Shutdown...
[[0;32m  OK  [0m] Started Update UTMP about System Boot/Shutdown.
[[0;32m  OK  [0m] Started Set console font and keymap.
[[0;32m  OK  [0m] Created slice system-getty.slice.
[[0;32m  OK  [0m] Listening on Load/Save RF Kill Switch Status /dev/rfkill Watch.
[[0;32m  OK  [0m] Started LSB: AppArmor initialization.
[   14.901179] cloud-init[414]: Cloud-init v. 0.7.9 running 'init-local' at Wed, 31 May 2017 05:24:12 +0000. Up 14.62 seconds.
[[0;32m  OK  [0m] Started Initial cloud-init job (pre-networking).
[[0;32m  OK  [0m] Reached target Network (Pre).
         Starting Raise network interfaces...
[[0;32m  OK  [0m] Started Raise network interfaces.
         Starting Initial cloud-init job (metadata service crawler)...
[[0;32m  OK  [0m] Reached target Network.
[   16.907035] cloud-init[923]: Cloud-init v. 0.7.9 running 'init' at Wed, 31 May 2017 05:24:13 +0000. Up 15.56 seconds.
[   16.932581] cloud-init[923]: ci-info: +++++++++++++++++++++++++++++++++++++Net device info++++++++++++++++++++++++++++++++++++++
[   16.933813] cloud-init[923]: ci-info: +--------+------+----------------------------+---------------+-------+-------------------+
[   16.935051] cloud-init[923]: ci-info: | Device |  Up  |          Address           |      Mask     | Scope |     Hw-Address    |
[   16.936287] cloud-init[923]: ci-info: +--------+------+----------------------------+---------------+-------+-------------------+
[   16.937491] cloud-init[923]: ci-info: |   lo   | True |         127.0.0.1          |   255.0.0.0   |   .   |         .         |
[   16.941827] cloud-init[923]: ci-info: |   lo   | True |          ::1/128           |       .       |  host |         .         |
[   16.946139] cloud-init[923]: ci-info: | enp0s3 | True |         10.0.2.15          | 255.255.255.0 |   .   | 02:a1:c7:cf:6b:93 |
[   16.947445] cloud-init[923]: ci-info: | enp0s3 | True | fe80::a1:c7ff:fecf:6b93/64 |       .       |  link | 02:a1:c7:cf:6b:93 |
[   16.949622] cloud-init[923]: ci-info: +--------+------+----------------------------+---------------+-------+-------------------+
[   16.950841] cloud-init[923]: ci-info: +++++++++++++++++++++++++++Route IPv4 info++++++++++++++++++++++++++++
[   16.951995] cloud-init[923]: ci-info: +-------+-------------+----------+---------------+-----------+-------+
[   16.956450] cloud-init[923]: ci-info: | Route | Destination | Gateway  |    Genmask    | Interface | Flags |
[   17.028357] [cloud-init[0;32m  OK  [0m[923]: ] ci-info: +-------+-------------+----------+---------------+-----------+-------+Started Initial cloud-init job (metadata service crawler).

[   17.028576] cloud-init[923]: ci-info: |   0   |   0.0.0.0   | 10.0.2.2 |    0.0.0.0    |   enp0s3  |   UG  |
[   17.092360] [cloud-init[0;32m  OK  [0m[923]: ] ci-info: |   1   |   10.0.2.0  | 0.0.0.0  | 255.255.255.0 |   enp0s3  |   U   |Reached target System Initialization.

[   17.192293] [cloud-init[0;32m  OK  [0m[923]: ] ci-info: +-------+-------------+----------+---------------+-----------+-------+Listening on ACPID Listen Socket.

[[0;32m  OK  [0m] Listening on UUID daemon activation socket.
[   17.192644] cloud-init[923]: [[0;32m  OK  [0m] Started ACPI Events Check.
[[0;32m  OK  [0m] Reached target Paths.
         Starting Socket activation for snappy daemon.
[[0;32m  OK  [0m] Started Daily apt activities.
Generating public/private rsa key pair.
[   17.222188] cloud-init[923]: Your identification has been saved in /etc/ssh/ssh_host_rsa_key.
[   17.223183] cloud-init[923]: Your public key has been saved in /etc/ssh/ssh_host_rsa_key.pub.
[   17.224184] cloud-init[923]: The key fingerprint is:
[   17.224958] cloud-init[923]: SHA256:MiH1Bg+aRvjwzjxERbucsBidxam7ZPP5FSUBnq3prGw root@ubuntu-xenial
[   17.225961] cloud-init[923]: The key's randomart image is:
[   17.229166] cloud-init[923]: +---[RSA 2048]----+
[   17.230151] cloud-init[923]: |   ..+B....      |
[   17.231033] cloud-init[923]: |  oo.*oB o .     |
[   17.231824] cloud-init[923]: |  .=O.o * o .    |
[   17.232606] cloud-init[923]: |   +== = o o     |
[   17.233354] cloud-init[923]: |  .=..* S .      |
[   17.234079] cloud-init[923]: |    X  =   .     |
[   17.234815] cloud-init[923]: |   o = .o .      |
[   17.235611]          Starting LXD - unix socket.
[[0;32m  OK  [0m] Listening on D-Bus System Message Bus Socket.
[[0;32m  OK  [0m] Started Daily Cleanup of Temporary Directories.
[[0;32m  OK  [0m] Started Timer to automatically refresh installed snaps.
[[0;32m  OK  [0m] Reached target Timers.
[[0;32m  OK  [0m] Reached target Cloud-config availability.
[[0;32m  OK  [0m] Reached target Network is Online.
cloud-init[923]: |    ..E. .       |
[   17.238571] cloud-init[923]: |     .o..        |
[   17.239301] cloud-init[923]: +----[SHA256]-----+
[   17.240055] cloud-init[923]: Generating public/private dsa key pair.
[   17.240893] cloud-init[923]: Your identification has been saved in /etc/ssh/ssh_host_dsa_key.
[   17.241858] cloud-init[923]: Your public key has been saved in /etc/ssh/ssh_host_dsa_key.pub.
[   17.242807] cloud-init[923]: The key fingerprint is:
[   17.243579] cloud-init[923]: SHA256:+JKJehevRURL5Jle8lVKw7FxzomE/u1rQni7Bt+NLBw root@ubuntu-xenial
[   17.244620] cloud-init[923]: The key's randomart image is:
[   17.245394] cloud-init[923]: +---[DSA 1024]----+
[   17.246141] cloud-init[923]: |       .+  o*.o  |
[   17.246868] cloud-init[923]: |       + +.o.@ . |
[   17.247594] cloud-init[923]: |        B.. = +  |
[   17.248398] cloud-init[923]: |       + +..     |
[   17.249126] cloud-init[923]: |      . S .o .   |
[   17.249851] cloud-init[923]: |     ..=  o E .  |
[   17.250578] cloud-init[923]: |    . +oo  * * o |
[   17.251330] cloud-init[923]: |   .. .o.   B * .|
[   17.252097]          Starting iSCSI initiator daemon (iscsid)...
cloud-init[923]: |  .. ...   ..=.. |
[   17.253201] [[0;32m  OK  [0m] Listening on Socket activation for snappy daemon.
[[0;32m  OK  [0m] Listening on LXD - unix socket.
[[0;32m  OK  [0m] Reached target Sockets.
[[0;32m  OK  [0m] Reached target Basic System.
cloud-init[923]: +----[SHA256]-----+
[   17.255199] [[0;32m  OK  [0m] Started ACPI event daemon.
cloud-init[923]:          Starting LSB: MD monitoring daemon...
         Starting LSB: Record successful boot for GRUB...
         Starting Login Service...
         Starting System Logging Service...
[[0;32m  OK  [0m] Started D-Bus System Message Bus.
Generating public/private ecdsa key pair.
[   17.263391] cloud-init[923]: Your identification has been saved in /etc/ssh/ssh_host_ecdsa_key.
[   17.264453] cloud-init[923]: Your public key has been saved in /etc/ssh/ssh_host_ecdsa_key.pub.
[   17.272261] cloud-init[923]: The key fingerprint is:
[   17.316418] cloud-init[923]: SHA256:WCCTp8Gv6+xI7phHfYv34eL8nc3rvIZMKmPMTGPFvco root@ubuntu-xenial
[   17.376379] cloud-init[923]: The key's randomart image is:
[   17.421974] cloud-init[923]: +---[ECDSA 256]---+
[   17.452415] cloud-init[923]: |   .o..          |
[   17.488281] cloud-init[923]: |    +o..         |
[   17.528413] [cloud-init[0;32m  OK  [0m[923]: ] |     = ...       |Started Regular background program processing daemon.

[   17.528755] cloud-init[923]: |    . .oo .      |
[   17.628405] [cloud-init[0;32m  OK  [0m[923]: ] |   . ...S  .     |Started FUSE filesystem for LXC.

[   17.628758] cloud-init[923]: |  . o =   o      |
         Starting Accounts Service...
[   17.716327] cloud-init[923]: | ..  X +.= .     |
[   17.776320]          cloud-initStarting Pollinate to seed the pseudo random number generator...[923]: 
| =.oo.@.Eoo=.    |
[   17.833672]          cloud-initStarting /etc/rc.local Compatibility...[923]: 
|oo+o++o*+ ooBo   |
[   17.873654] [[0;32m  OK  [0m] Started Unattended Upgrades Shutdown.
cloud-init[923]: +----[SHA256]-----+
[   17.875260] cloud-init[923]: Generating public/private ed25519 key pair.
[   17.924402] [cloud-init[0;32m  OK  [0m[923]: ] Your identification has been saved in /etc/ssh/ssh_host_ed25519_key.Started Deferred execution scheduler.

[   17.924796] cloud-init[923]: Your public key has been saved in /etc/ssh/ssh_host_ed25519_key.pub.
[   17.935075] cloud-init[923]: The key fingerprint is:
[   17.937045] cloud-init[923]: SHA256:JiK7KRerA7UvpVUo5YUwHNX5h85+FolWOkhx+QV2F18 root@ubuntu-xenial
[   17.939744] cloud-init[923]: The key's randomart image is:
[   17.941807] cloud-init[923]: +--[ED25519 256]--+
[   17.944484]          cloud-initStarting LXD - container startup/shutdown...[923]: 
| .++.o . .o.. o.E|
[   17.948683]          cloud-initStarting Apply the settings specified in cloud-config...[923]: 
|  ..o = o. ... ..|
[   17.955406] cloud-init[923]: |   o o + o .    .|
[   17.968371] cloud-init[923]: |  o o o o +      |
[   17.973223] cloud-init[923]: | ..o.o.+S= .     |
[   17.976390] cloud-init[923]: |. ooo..oB o      |
[   17.981607] cloud-init[923]: |. .B   o . .     |
[   17.986004] cloud-init[923]: |o =o.   . o      |
[[0;32m  OK  [0m] Started Snappy daemon.
[   18.000818] cloud-init[923]: |.=o.     o       |
[   18.008623]          cloud-initStarting Auto import assertions from block devices...[923]: 
+----[SHA256]-----+
[[0;32m  OK  [0m] Started System Logging Service.
[[0;32m  OK  [0m] Started /etc/rc.local Compatibility.
[[0;32m  OK  [0m] Started Auto import assertions from block devices.
[[0;32m  OK  [0m] Started Login Service.
[[0;32m  OK  [0m] Started LSB: Record successful boot for GRUB.
[[0;32m  OK  [0m] Started iSCSI initiator daemon (iscsid).
         Starting Login to default iSCSI targets...
[[0;32m  OK  [0m] Started LSB: MD monitoring daemon.
         Starting Authenticate and Authorize Users to Run Privileged Tasks...
[[0;32m  OK  [0m] Started Login to default iSCSI targets.
[[0;32m  OK  [0m] Reached target Remote File Systems (Pre).
[[0;32m  OK  [0m] Reached target Remote File Systems.
         Starting LSB: daemon to balance interrupts for SMP systems...
         Starting LSB: automatic crash report generation...
         Starting LSB: Set the CPU Frequency Scaling governor to "ondemand"...
         Starting Permit User Sessions...
         Starting LSB: VirtualBox Linux Additions...
[[0;32m  OK  [0m] Started LSB: Set the CPU Frequency Scaling governor to "ondemand".
[[0;32m  OK  [0m] Started Permit User Sessions.
         Starting Terminate Plymouth Boot Screen...
         Starting Hold until boot process finishes up...
[[0;32m  OK  [0m] Started Hold until boot process finishes up.
[[0;32m  OK  [0m] Started Terminate Plymouth Boot Screen.
         Starting Set console scheme...
[[0;32m  OK  [0m] Started Getty on tty1.
[[0;32m  OK  [0m] Started Serial Getty on ttyS0.
[[0;32m  OK  [0m] Reached target Login Prompts.
[[0;32m  OK  [0m] Started LSB: daemon to balance interrupts for SMP systems.
[   18.838949] cloud-init[1069]: Generating locales (this might take a while)...
[[0;32m  OK  [0m] Started LSB: automatic crash report generation.
[[0;32m  OK  [0m] Started Set console scheme.
[[0;32m  OK  [0m] Started Authenticate and Authorize Users to Run Privileged Tasks.
[[0;32m  OK  [0m] Started Accounts Service.
[[0;32m  OK  [0m] Started LSB: VirtualBox Linux Additions.
[   20.461893] cloud-init[1069]:   en_US.UTF-8... done
[   20.466400] cloud-init[1069]: Generation complete.
[[0;32m  OK  [0m] Started LXD - container startup/shutdown.
[[0;32m  OK  [0m] Stopped OpenBSD Secure Shell server.
         Starting OpenBSD Secure Shell server...
[[0;32m  OK  [0m] Started OpenBSD Secure Shell server.
[[0;32m  OK  [0m] Started Pollinate to seed the pseudo random number generator.
[[0;32m  OK  [0m] Reached target Multi-User System.
[[0;32m  OK  [0m] Reached target Graphical Interface.
         Starting Update UTMP about System Runlevel Changes...
[[0;32m  OK  [0m] Started Update UTMP about System Runlevel Changes.
[   21.697522] cloud-init[1069]: Cloud-init v. 0.7.9 running 'modules:config' at Wed, 31 May 2017 05:24:15 +0000. Up 18.18 seconds.
[[0;32m  OK  [0m] Started Apply the settings specified in cloud-config.
         Starting Execute cloud user/final scripts...
ci-info: no authorized ssh keys fingerprints found for user ubuntu.
<14>May 31 05:24:19 ec2: 
<14>May 31 05:24:19 ec2: #############################################################
<14>May 31 05:24:19 ec2: -----BEGIN SSH HOST KEY FINGERPRINTS-----
<14>May 31 05:24:19 ec2: 1024 SHA256:+JKJehevRURL5Jle8lVKw7FxzomE/u1rQni7Bt+NLBw root@ubuntu-xenial (DSA)
<14>May 31 05:24:19 ec2: 256 SHA256:WCCTp8Gv6+xI7phHfYv34eL8nc3rvIZMKmPMTGPFvco root@ubuntu-xenial (ECDSA)
<14>May 31 05:24:19 ec2: 256 SHA256:JiK7KRerA7UvpVUo5YUwHNX5h85+FolWOkhx+QV2F18 root@ubuntu-xenial (ED25519)
<14>May 31 05:24:19 ec2: 2048 SHA256:MiH1Bg+aRvjwzjxERbucsBidxam7ZPP5FSUBnq3prGw root@ubuntu-xenial (RSA)
<14>May 31 05:24:19 ec2: -----END SSH HOST KEY FINGERPRINTS-----
<14>May 31 05:24:19 ec2: #############################################################
-----BEGIN SSH HOST KEY KEYS-----
ecdsa-sha2-nistp256 AAAAE2VjZHNhLXNoYTItbmlzdHAyNTYAAAAIbmlzdHAyNTYAAABBBCu6OHWYahjQQbZAHbvKUCJsVOrS4Gcls/pLfvm3H0rHnx0H4WE7e98cDe/WpPL1ON92GrQLKGacwxLGFJWzYSw= root@ubuntu-xenial
ssh-ed25519 AAAAC3NzaC1lZDI1NTE5AAAAIFILmYtLfUSX/EecB9P/+KPRZ8Db5mIsYZ9YSczmZyUW root@ubuntu-xenial
ssh-rsa AAAAB3NzaC1yc2EAAAADAQABAAABAQCtQqa/Oi6QRmSsAOsKs21fw3OSeNHPGfvRz7ckczBNNMGzZaotBDJYohtQ1oivWSPqw2whmBnW4iygMtvZf0f5X9VtRZUncajSAC/6GU6s6Ltoj7nKNaHB7V5PjrtL4vu5+fqOfS2aPNwTpYNhkDXIWS4EeqgT7/OG26b579fYrxaktQHNMw73pWc9BFCbDn+mvgzwbS/iT88vJE887HMGIkqKJJPww3MYAS10llFvtyTwi8atI/PmXrYgcSqWuveeasuiPAM8djnIY1til76LorYlfawoSizzA48jLXLKXxRpOZx8G6Ge6TUJqKmFg8Ix452z7328mVbOITc5nf65 root@ubuntu-xenial
-----END SSH HOST KEY KEYS-----
[   22.565893] cloud-init[1288]: Cloud-init v. 0.7.9 running 'modules:final' at Wed, 31 May 2017 05:24:19 +0000. Up 22.05 seconds.
[   22.567342] cloud-init[1288]: ci-info: no authorized ssh keys fingerprints found for user ubuntu.
[   22.568480] cloud-init[1288]: Cloud-init v. 0.7.9 finished at Wed, 31 May 2017 05:24:20 +0000. Datasource DataSourceNoCloud [seed=/dev/sdb][dsmode=net].  Up 22.56 seconds
[[0;32m  OK  [0m] Started Execute cloud user/final scripts.
[[0;32m  OK  [0m] Reached target Cloud-init target.

Ubuntu 16.04.2 LTS ubuntu-xenial ttyS0

ubuntu-xenial login: 